  0. main FuncBegin
  1. t000 = 2
  2. t001 = 3
  3. t002 = 1.000000
  4. t003 = 2.000000
  5. t004 = 3.000000
  6. t005 = 4.000000
  7. t006 = 5.000000
  8. t007 = 6.000000
  9. A[0] = 2
 10. A[4] = 3
 11. A[8] = 1.000000
 12. A[16] = 2.000000
 13. A[24] = 3.000000
 14. A[32] = 4.000000
 15. A[40] = 5.000000
 16. A[48] = 6.000000
 17. t008 = 3
 18. t009 = 2
 19. t010 = Trans(A)
 20. B = t010
 21. t011 = 4
 22. c = t011
 23. t012 = 1
 24. t013 = 2
 25. t014 = t012 * 3
 26. t014 = t014 + t013
 27. t014 = t014 * 8
 28. t015 = 4 * 2
 29. t014 = t014 + t015
 30. t016 = A[t014]
 31. t017 = t016 + 1
 32. A[t014] = t017
 33. t018 = 0
 34. t019 = 1
 35. t020 = t018 * 2
 36. t020 = t020 + t019
 37. t020 = t020 * 8
 38. t021 = 4 * 2
 39. t020 = t020 + t021
 40. t022 = B[t020]
 41. t023 = t016 * t022
 42. t024 = Int2Dbl(c)
 43. t025 = t023 - t024
 44. t026 = Dbl2Int(t025)
 45. d = t026
 46. t027 = 2
 47. t028 = 1
 48. t029 = t027 * 3
 49. t029 = t029 + t028
 50. t029 = t029 * 8
 51. t030 = 4 * 2
 52. t029 = t029 + t030
 53. t031 = A[t029]
 54. t032 = t031 - 1
 55. A[t029] = t032
 56. e = t032
 57. t033 = d
 58. d = d + 1
 59. t034 = 6
 60. t035 = t033 + t034
 61. t036 = Int2Dbl(t035)
 62. e = t036
 63. t037 = 3
 64. t038 = 4
 65. t039 = 1
 66. t040 = 1
 67. t041 = 1
 68. t042 = 1
 69. t043 = 2
 70. t044 = 2
 71. t045 = 2
 72. t046 = 2
 73. t047 = Int2Dbl(t039)
 74. t048 = Int2Dbl(t040)
 75. t049 = Int2Dbl(t041)
 76. t050 = Int2Dbl(t042)
 77. t051 = Int2Dbl(t043)
 78. t052 = Int2Dbl(t044)
 79. t053 = Int2Dbl(t045)
 80. t054 = Int2Dbl(t046)
 81. t055 = Int2Dbl(c)
 82. t056 = Int2Dbl(c)
 83. C[0] = 3
 84. C[4] = 4
 85. C[8] = t047
 86. C[16] = t048
 87. C[24] = t049
 88. C[32] = t050
 89. C[40] = t051
 90. C[48] = t052
 91. C[56] = t053
 92. C[64] = t054
 93. C[72] = e
 94. C[80] = e
 95. C[88] = t055
 96. C[96] = t056
 97. C = C
 98. t057 = 2
 99. t058 = 4
100. t059 = A * C
101. D = t059
102. t060 = 4
103. if (c == t060) goto 106
104. goto 109
105. goto 109
106. t061 = c
107. c = c + 1
108. goto 109
109. t062 = 4
110. if (c < t062) goto 113
111. goto 116
112. goto 129
113. t063 = d
114. d = d + 1
115. goto 129
116. t064 = 4
117. if (c >= t064) goto 120
118. goto 122
119. goto 125
120. return
121. goto 125
122. t065 = c % d
123. c = t065
124. goto 125
125. t066 = Int2Dbl(c)
126. t067 = e / t066
127. e = t067
128. goto 129
129. t068 = a
130. a = a + 1
131. t069 = & c
132. a = t069
133. t070 = * a
134. t071 = t070
135. t070 = t070 + 1
136. t072 = * t071
137. t073 = Int2Dbl(t072)
138. e = t073
139. t074 = & e
140. x = t074
141. t075 = 1
142. t076 = 2
143. t077 = t075 * 3
144. t077 = t077 + t076
145. t077 = t077 * 8
146. t078 = 4 * 2
147. t077 = t077 + t078
148. t079 = A[t077]
149. * x = t079
150. t080 = 1
151. t081 = 1
152. t082 = t080 * 3
153. t082 = t082 + t081
154. t082 = t082 * 8
155. t083 = 4 * 2
156. t082 = t082 + t083
157. t084 = 2
158. if (c == t084) goto 161
159. goto 162
160. goto 166
161. goto 164
162. t085 = d
163. goto 166
164. t085 = c
165. goto 166
166. A[t082] = t085
167. t086 = 2
168. t087 = d << t086
169. c = t087
170. t088 = Dbl2Int(e)
171. * a = t088
172. t089 = & c
173. w = t089
174. t090 = * a
175. t091 = Int2Dbl(t090)
176. t092 = e + t091
177. e = t092
178. t093 = c * d
179. t094 = uminus(c)
180. t095 = t094 / d
181. t096 = t093 + t095
182. t097 = c % d
183. t098 = t096 - t097
184. c = t098
185. t099 = 1
186. t100 = t099 + d
187. t101 = c << t100
188. t102 = 2
189. t103 = t101 >> t102
190. d = t103
191. t104 = d
192. z = t104
193. t105 = c & d
194. t106 = t105 ^ d
195. t107 = t106 | c
196. x = t107
197. t108 = 0
198. if (c > t108) goto 201
199. goto 202
200. goto 207
201. goto 205
202. t109 = 0
203. t110 = t109
204. goto 207
205. t110 = c
206. goto 207
207. z = t110
208. return
209. main FuncEnd
