  0. fib FuncBegin
  1. t000 = 1
  2. if (n <= t000) goto 5
  3. goto 8
  4. goto 8
  5. t001 = 1
  6. return t001
  7. goto 8
  8. t002 = 1
  9. t003 = n - t002
 10. param t003
 11. t004 = call fib, 1
 12. t005 = 2
 13. t006 = n - t005
 14. param t006
 15. t007 = call fib, 1
 16. t008 = t004 + t007
 17. return t008
 18. fib FuncEnd
 19. ncr FuncBegin
 20. if (n == r) goto 23
 21. goto 26
 22. goto 26
 23. t009 = 1
 24. return t009
 25. goto 26
 26. t010 = 1
 27. if (n == t010) goto 30
 28. goto 33
 29. goto 33
 30. t011 = 1
 31. return t011
 32. goto 33
 33. t012 = 1
 34. t013 = n - t012
 35. param t013
 36. param r
 37. t014 = call ncr, 2
 38. t015 = 1
 39. t016 = n - t015
 40. t017 = 1
 41. t018 = r - t017
 42. param t016
 43. param t018
 44. t019 = call ncr, 2
 45. t020 = t014 + t019
 46. return t020
 47. ncr FuncEnd
 48. main FuncBegin
 49. t021 = 5
 50. x = t021
 51. t022 = 5
 52. param t022
 53. t023 = call fib, 1
 54. ans = t023
 55. t024 = 3
 56. n = t024
 57. t025 = 2
 58. r = t025
 59. param n
 60. param r
 61. t026 = call ncr, 2
 62. result = t026
 63. t027 = 0
 64. return t027
 65. main FuncEnd
