  0. sum FuncBegin
  1. t000 = a + b
  2. return t000
  3. sum FuncEnd
  4. main FuncBegin
  5. t001 = 3
  6. a = t001
  7. t002 = 4
  8. b = t002
  9. t003 = 3
 10. t004 = 4
 11. t005 = 0
 12. i = t005
 13. if (i < a) goto 19
 14. goto 37
 15. goto 37
 16. t006 = i
 17. i = i + 1
 18. goto 13
 19. t007 = 0
 20. j = t007
 21. if (j < b) goto 27
 22. goto 36
 23. goto 36
 24. t008 = j
 25. j = j + 1
 26. goto 21
 27. t009 = i * 4
 28. t009 = t009 + j
 29. t009 = t009 * 8
 30. t010 = 4 * 2
 31. t009 = t009 + t010
 32. t011 = i * j
 33. t012 = Int2Dbl(t011)
 34. m[t009] = t012
 35. goto 24
 36. goto 16
 37. t013 = 0
 38. i = t013
 39. t014 = 3
 40. t015 = 4
 41. if (i < a) goto 44
 42. goto 61
 43. goto 61
 44. t016 = 0
 45. t017 = i * 4
 46. t017 = t017 + t016
 47. t017 = t017 * 8
 48. t018 = 4 * 2
 49. t017 = t017 + t018
 50. t019 = 0
 51. t020 = i * 4
 52. t020 = t020 + t019
 53. t020 = t020 * 8
 54. t021 = 4 * 2
 55. t020 = t020 + t021
 56. t022 = m[t020]
 57. n[t017] = t022
 58. t023 = i
 59. i = i + 1
 60. goto 41
 61. t024 = 3
 62. test = t024
 63. t025 = 0
 64. t = t025
 65. t026 = 0
 66. acc = t026
 67. param acc
 68. param b
 69. t027 = call sum, 2
 70. acc = t027
 71. t028 = t
 72. t = t + 1
 73. if (t < test) goto 67
 74. goto 75
 75. return
 76. main FuncEnd
