  0. main FuncBegin
  1. t000 = 2
  2. t001 = 3
  3. t002 = 1.000000
  4. t003 = 2.000000
  5. t004 = 3.000000
  6. t005 = 4.000000
  7. t006 = 5.000000
  8. t007 = 6.000000
  9. t008 = 16
 10. A[t008] = t002
 11. t009 = 24
 12. A[t009] = t003
 13. t010 = 32
 14. A[t010] = t004
 15. t011 = 40
 16. A[t011] = t005
 17. t012 = 48
 18. A[t012] = t006
 19. t013 = 56
 20. A[t013] = t007
 21. A = A
 22. t014 = 0
 23. t015 = Int2Dbl(t014)
 24. d = t015
 25. t016 = 0
 26. i = t016
 27. t017 = 2
 28. if (i < t017) goto 34
 29. goto 65
 30. goto 65
 31. t018 = i
 32. i = i + 1
 33. goto 27
 34. t019 = 0
 35. j = t019
 36. t020 = 3
 37. if (j < t020) goto 43
 38. goto 64
 39. goto 64
 40. t021 = j
 41. j = j + 1
 42. goto 36
 43. t023 = 16
 44. t024 = 3
 45. t025 = 8
 46. t022 = i * t024
 47. t022 = t022 + j
 48. t022 = t022 * t025
 49. t022 = t022 + t023
 50. t026 = A[t022]
 51. param t026
 52. t027 = call printFlt, 1
 53. t029 = 16
 54. t030 = 3
 55. t031 = 8
 56. t028 = i * t030
 57. t028 = t028 + j
 58. t028 = t028 * t031
 59. t028 = t028 + t029
 60. t032 = A[t028]
 61. t033 = d + t032
 62. d = t033
 63. goto 40
 64. goto 31
 65. param d
 66. t034 = call printFlt, 1
 67. main FuncEnd
